$ ./test.sh tests/basic.liq
Compiling tests/basic.liq...


Running test tests/basic.liq.techel

Running test `Basic`

running test script...

applying operation CREATE[uid:0] (@address[1], "tz1YLtLqD1fWHthSVHPD116oYvsd4PTAHUoc", None, true, true, 13000000utz) 
                       {
                           storage unit ;
                           parameter unit ;
                           code ...;
                       }
   live contracts: none
=> live contracts: <anonymous> (13000000utz) address[1]

running test script...

applying operation TRANSFER[uid:1] address[0]@Basic -> address[1] 29000000utz Unit
   live contracts: <anonymous> (13000000utz) address[1]

running TRANSFER[uid:1] address[0]@Basic -> address[1] 29000000utz Unit
=> live contracts: <anonymous> (42000000utz) address[1]


running test script...
Done running test `Basic`
