$ ./test.sh tests/basic_err.liq
Compiling tests/basic_err.liq...


Running test tests/basic_err.liq.techel

Running test `Basic_err`

running test script...

applying operation CREATE[uid:0] (@address[1], "tz1YLtLqD1fWHthSVHPD116oYvsd4PTAHUoc", None, true, true, 13000000utz) 
                       {
                           storage unit ;
                           parameter unit ;
                           code ...;
                       }
   live contracts: none
=> live contracts: <anonymous> (13000000utz) address[1]

running test script...

applying operation TRANSFER[uid:1] address[0]@Basic_err -> address[1] 29000000utz Unit
   live contracts: <anonymous> (13000000utz) address[1]

running TRANSFER[uid:1] address[0]@Basic_err -> address[1] 29000000utz Unit
=> live contracts: <anonymous> (42000000utz) address[1]


running test script...

Test `Basic_err` failed:
    Tezos protocol error
        Failure on value "balance should be 12tz" : string

Error
    1 of the 1 testcase failed
