$ ./../test.sh ../tests/basic.liq
Compiling ../tests/basic.liq...

Module Techel
Contract Multi
Main contract Basic
File "../tests/basic.liq.techel" generated
If tezos is compiled, you may want to typecheck with:
  tezos-client typecheck script ../tests/basic.liq.techel

Running test ../tests/basic.liq.techel

Running test `Basic`

running test script...
   timestamp: 1970-01-01 00:00:00 +00:00

applying operation CREATE[uid:0] (@address[1], "tz1YLtLqD1fWHthSVHPD116oYvsd4PTAHUoc", None, true, true, 13000000utz) 
                       {
                           storage unit ;
                           parameter unit ;
                           code ...;
                       }
   timestamp: 1970-01-01 00:00:00 +00:00
   live contracts: none
=> live contracts: <anonymous> (13000000utz) address[1]

running test script...
   timestamp: 1970-01-01 00:00:00 +00:00

applying operation TRANSFER[uid:1] address[0]@Basic -> address[1] 29000000utz Unit
   timestamp: 1970-01-01 00:00:00 +00:00
   live contracts: <anonymous> (13000000utz) address[1]

running TRANSFER[uid:1] address[0]@Basic -> address[1] 29000000utz Unit
   timestamp: 1970-01-01 00:00:00 +00:00
=> live contracts: <anonymous> (42000000utz) address[1]

running test script...
   timestamp: 1970-01-01 00:00:00 +00:00

Done running test `Basic`
